[17-Dec-2023 20:13:53 Asia/Kolkata] PHP Warning:  include_once(asset\config\db.php): failed to open stream: No such file or directory in /home/letsdair/domains/test.letsdairy.in/public_html/app/register.php on line 2
[17-Dec-2023 20:13:53 Asia/Kolkata] PHP Warning:  include_once(): Failed opening 'asset\config\db.php' for inclusion (include_path='.:/usr/local/php73/lib/php') in /home/letsdair/domains/test.letsdairy.in/public_html/app/register.php on line 2
[17-Dec-2023 20:13:53 Asia/Kolkata] PHP Notice:  Undefined variable: conn in /home/letsdair/domains/test.letsdairy.in/public_html/app/register.php on line 4
[17-Dec-2023 20:13:53 Asia/Kolkata] PHP Fatal error:  Uncaught Error: Call to a member function query() on null in /home/letsdair/domains/test.letsdairy.in/public_html/app/register.php:4
Stack trace:
#0 {main}
  thrown in /home/letsdair/domains/test.letsdairy.in/public_html/app/register.php on line 4
[17-Dec-2023 20:15:13 Asia/Kolkata] PHP Warning:  include_once(asset\config\db.php): failed to open stream: No such file or directory in /home/letsdair/domains/test.letsdairy.in/public_html/app/register.php on line 2
[17-Dec-2023 20:15:13 Asia/Kolkata] PHP Warning:  include_once(): Failed opening 'asset\config\db.php' for inclusion (include_path='.:/usr/local/php73/lib/php') in /home/letsdair/domains/test.letsdairy.in/public_html/app/register.php on line 2
[17-Dec-2023 20:15:13 Asia/Kolkata] PHP Notice:  Undefined variable: conn in /home/letsdair/domains/test.letsdairy.in/public_html/app/register.php on line 4
[17-Dec-2023 20:15:13 Asia/Kolkata] PHP Fatal error:  Uncaught Error: Call to a member function query() on null in /home/letsdair/domains/test.letsdairy.in/public_html/app/register.php:4
Stack trace:
#0 {main}
  thrown in /home/letsdair/domains/test.letsdairy.in/public_html/app/register.php on line 4
[17-Dec-2023 20:15:15 Asia/Kolkata] PHP Warning:  include_once(asset\config\db.php): failed to open stream: No such file or directory in /home/letsdair/domains/test.letsdairy.in/public_html/app/register.php on line 2
[17-Dec-2023 20:15:15 Asia/Kolkata] PHP Warning:  include_once(): Failed opening 'asset\config\db.php' for inclusion (include_path='.:/usr/local/php73/lib/php') in /home/letsdair/domains/test.letsdairy.in/public_html/app/register.php on line 2
[17-Dec-2023 20:15:15 Asia/Kolkata] PHP Notice:  Undefined variable: conn in /home/letsdair/domains/test.letsdairy.in/public_html/app/register.php on line 4
[17-Dec-2023 20:15:15 Asia/Kolkata] PHP Fatal error:  Uncaught Error: Call to a member function query() on null in /home/letsdair/domains/test.letsdairy.in/public_html/app/register.php:4
Stack trace:
#0 {main}
  thrown in /home/letsdair/domains/test.letsdairy.in/public_html/app/register.php on line 4
[17-Dec-2023 20:15:36 Asia/Kolkata] PHP Warning:  include_once(asset\config\db.php): failed to open stream: No such file or directory in /home/letsdair/domains/test.letsdairy.in/public_html/app/register.php on line 2
[17-Dec-2023 20:15:36 Asia/Kolkata] PHP Warning:  include_once(): Failed opening 'asset\config\db.php' for inclusion (include_path='.:/usr/local/php73/lib/php') in /home/letsdair/domains/test.letsdairy.in/public_html/app/register.php on line 2
[17-Dec-2023 20:15:36 Asia/Kolkata] PHP Notice:  Undefined variable: conn in /home/letsdair/domains/test.letsdairy.in/public_html/app/register.php on line 4
[17-Dec-2023 20:15:36 Asia/Kolkata] PHP Fatal error:  Uncaught Error: Call to a member function query() on null in /home/letsdair/domains/test.letsdairy.in/public_html/app/register.php:4
Stack trace:
#0 {main}
  thrown in /home/letsdair/domains/test.letsdairy.in/public_html/app/register.php on line 4
[17-Dec-2023 20:16:09 Asia/Kolkata] PHP Parse error:  syntax error, unexpected '}', expecting end of file in /home/letsdair/domains/test.letsdairy.in/public_html/app/register.php on line 155
[17-Dec-2023 20:16:11 Asia/Kolkata] PHP Parse error:  syntax error, unexpected '}', expecting end of file in /home/letsdair/domains/test.letsdairy.in/public_html/app/register.php on line 155
[17-Dec-2023 20:16:13 Asia/Kolkata] PHP Parse error:  syntax error, unexpected '}', expecting end of file in /home/letsdair/domains/test.letsdairy.in/public_html/app/register.php on line 155
[17-Dec-2023 20:16:13 Asia/Kolkata] PHP Parse error:  syntax error, unexpected '}', expecting end of file in /home/letsdair/domains/test.letsdairy.in/public_html/app/register.php on line 155
[17-Dec-2023 20:16:13 Asia/Kolkata] PHP Parse error:  syntax error, unexpected '}', expecting end of file in /home/letsdair/domains/test.letsdairy.in/public_html/app/register.php on line 155
[17-Dec-2023 20:16:14 Asia/Kolkata] PHP Parse error:  syntax error, unexpected '}', expecting end of file in /home/letsdair/domains/test.letsdairy.in/public_html/app/register.php on line 155
[17-Dec-2023 20:16:14 Asia/Kolkata] PHP Parse error:  syntax error, unexpected '}', expecting end of file in /home/letsdair/domains/test.letsdairy.in/public_html/app/register.php on line 155
[17-Dec-2023 20:16:14 Asia/Kolkata] PHP Parse error:  syntax error, unexpected '}', expecting end of file in /home/letsdair/domains/test.letsdairy.in/public_html/app/register.php on line 155
[17-Dec-2023 20:16:14 Asia/Kolkata] PHP Parse error:  syntax error, unexpected '}', expecting end of file in /home/letsdair/domains/test.letsdairy.in/public_html/app/register.php on line 155
[17-Dec-2023 20:16:15 Asia/Kolkata] PHP Parse error:  syntax error, unexpected '}', expecting end of file in /home/letsdair/domains/test.letsdairy.in/public_html/app/register.php on line 155
[17-Dec-2023 20:16:15 Asia/Kolkata] PHP Parse error:  syntax error, unexpected '}', expecting end of file in /home/letsdair/domains/test.letsdairy.in/public_html/app/register.php on line 155
[17-Dec-2023 20:16:15 Asia/Kolkata] PHP Parse error:  syntax error, unexpected '}', expecting end of file in /home/letsdair/domains/test.letsdairy.in/public_html/app/register.php on line 155
[17-Dec-2023 20:16:15 Asia/Kolkata] PHP Parse error:  syntax error, unexpected '}', expecting end of file in /home/letsdair/domains/test.letsdairy.in/public_html/app/register.php on line 155
[17-Dec-2023 20:16:15 Asia/Kolkata] PHP Parse error:  syntax error, unexpected '}', expecting end of file in /home/letsdair/domains/test.letsdairy.in/public_html/app/register.php on line 155
[17-Dec-2023 20:16:15 Asia/Kolkata] PHP Parse error:  syntax error, unexpected '}', expecting end of file in /home/letsdair/domains/test.letsdairy.in/public_html/app/register.php on line 155
[17-Dec-2023 20:16:16 Asia/Kolkata] PHP Parse error:  syntax error, unexpected '}', expecting end of file in /home/letsdair/domains/test.letsdairy.in/public_html/app/register.php on line 155
[17-Dec-2023 20:16:16 Asia/Kolkata] PHP Parse error:  syntax error, unexpected '}', expecting end of file in /home/letsdair/domains/test.letsdairy.in/public_html/app/register.php on line 155
[17-Dec-2023 20:16:16 Asia/Kolkata] PHP Parse error:  syntax error, unexpected '}', expecting end of file in /home/letsdair/domains/test.letsdairy.in/public_html/app/register.php on line 155
[17-Dec-2023 20:16:16 Asia/Kolkata] PHP Parse error:  syntax error, unexpected '}', expecting end of file in /home/letsdair/domains/test.letsdairy.in/public_html/app/register.php on line 155
[17-Dec-2023 20:16:16 Asia/Kolkata] PHP Parse error:  syntax error, unexpected '}', expecting end of file in /home/letsdair/domains/test.letsdairy.in/public_html/app/register.php on line 155
[17-Dec-2023 20:16:16 Asia/Kolkata] PHP Parse error:  syntax error, unexpected '}', expecting end of file in /home/letsdair/domains/test.letsdairy.in/public_html/app/register.php on line 155
[17-Dec-2023 20:16:17 Asia/Kolkata] PHP Parse error:  syntax error, unexpected '}', expecting end of file in /home/letsdair/domains/test.letsdairy.in/public_html/app/register.php on line 155
[17-Dec-2023 20:16:17 Asia/Kolkata] PHP Parse error:  syntax error, unexpected '}', expecting end of file in /home/letsdair/domains/test.letsdairy.in/public_html/app/register.php on line 155
[17-Dec-2023 20:16:17 Asia/Kolkata] PHP Parse error:  syntax error, unexpected '}', expecting end of file in /home/letsdair/domains/test.letsdairy.in/public_html/app/register.php on line 155
[17-Dec-2023 20:16:17 Asia/Kolkata] PHP Parse error:  syntax error, unexpected '}', expecting end of file in /home/letsdair/domains/test.letsdairy.in/public_html/app/register.php on line 155
[17-Dec-2023 20:16:17 Asia/Kolkata] PHP Parse error:  syntax error, unexpected '}', expecting end of file in /home/letsdair/domains/test.letsdairy.in/public_html/app/register.php on line 155
[17-Dec-2023 20:16:19 Asia/Kolkata] PHP Parse error:  syntax error, unexpected '}', expecting end of file in /home/letsdair/domains/test.letsdairy.in/public_html/app/register.php on line 155
[17-Dec-2023 20:17:49 Asia/Kolkata] PHP Notice:  Undefined variable: result in /home/letsdair/domains/test.letsdairy.in/public_html/app/register.php on line 66
[17-Dec-2023 20:17:49 Asia/Kolkata] PHP Notice:  Trying to get property 'num_rows' of non-object in /home/letsdair/domains/test.letsdairy.in/public_html/app/register.php on line 66
